mode: atomic
github.com/nice-pink/streamey/cmd/cleaney/main.go:11.13,19.19 6 0
github.com/nice-pink/streamey/cmd/cleaney/main.go:19.19,22.3 2 0
github.com/nice-pink/streamey/cmd/cleaney/main.go:24.2,24.44 1 0
github.com/nice-pink/streamey/cmd/manipuley/main.go:12.13,21.18 6 0
github.com/nice-pink/streamey/cmd/manipuley/main.go:21.18,24.3 2 0
github.com/nice-pink/streamey/cmd/manipuley/main.go:26.2,27.16 2 0
github.com/nice-pink/streamey/cmd/manipuley/main.go:27.16,29.3 1 0
github.com/nice-pink/streamey/cmd/manipuley/main.go:31.2,32.16 2 0
github.com/nice-pink/streamey/cmd/manipuley/main.go:32.16,34.3 1 0
github.com/nice-pink/streamey/cmd/manipuley/main.go:37.2,39.22 3 0
github.com/nice-pink/streamey/cmd/manipuley/main.go:39.22,41.3 1 0
github.com/nice-pink/streamey/cmd/manipuley/main.go:43.2,43.14 1 0
github.com/nice-pink/streamey/cmd/manipuley/main.go:43.14,46.20 2 0
github.com/nice-pink/streamey/cmd/manipuley/main.go:46.20,48.18 2 0
github.com/nice-pink/streamey/cmd/manipuley/main.go:48.18,50.5 1 0
github.com/nice-pink/streamey/cmd/parsey/main.go:12.13,21.21 6 0
github.com/nice-pink/streamey/cmd/parsey/main.go:21.21,24.3 2 0
github.com/nice-pink/streamey/cmd/parsey/main.go:26.2,27.16 2 0
github.com/nice-pink/streamey/cmd/parsey/main.go:27.16,29.3 1 0
github.com/nice-pink/streamey/cmd/parsey/main.go:31.2,32.16 2 0
github.com/nice-pink/streamey/cmd/parsey/main.go:32.16,34.3 1 0
github.com/nice-pink/streamey/cmd/parsey/main.go:36.2,36.12 1 0
github.com/nice-pink/streamey/cmd/parsey/main.go:36.12,40.3 2 0
github.com/nice-pink/streamey/cmd/parsey/main.go:40.8,44.3 2 0
github.com/nice-pink/streamey/cmd/parsey/main.go:47.99,52.6 5 0
github.com/nice-pink/streamey/cmd/parsey/main.go:52.6,53.24 1 0
github.com/nice-pink/streamey/cmd/parsey/main.go:53.24,55.31 2 0
github.com/nice-pink/streamey/cmd/parsey/main.go:55.31,56.10 1 0
github.com/nice-pink/streamey/cmd/parsey/main.go:59.4,59.13 1 0
github.com/nice-pink/streamey/cmd/parsey/main.go:61.3,64.15 3 0
github.com/nice-pink/streamey/cmd/parsey/main.go:67.2,69.28 3 0
github.com/nice-pink/streamey/pkg/configmanager/config.go:17.36,19.16 2 0
github.com/nice-pink/streamey/pkg/configmanager/config.go:19.16,21.13 2 0
github.com/nice-pink/streamey/pkg/configmanager/config.go:24.2,26.16 3 0
github.com/nice-pink/streamey/pkg/configmanager/config.go:26.16,28.13 2 0
github.com/nice-pink/streamey/pkg/configmanager/config.go:30.2,30.15 1 0
github.com/nice-pink/streamey/cmd/streamey/main.go:28.13,50.20 18 0
github.com/nice-pink/streamey/cmd/streamey/main.go:50.20,53.3 2 0
github.com/nice-pink/streamey/cmd/streamey/main.go:56.2,57.14 2 0
github.com/nice-pink/streamey/cmd/streamey/main.go:57.14,61.3 3 0
github.com/nice-pink/streamey/cmd/streamey/main.go:63.2,66.11 3 0
github.com/nice-pink/streamey/cmd/streamey/main.go:66.11,71.3 3 0
github.com/nice-pink/streamey/cmd/streamey/main.go:73.2,77.11 4 0
github.com/nice-pink/streamey/cmd/streamey/main.go:80.38,83.41 3 0
github.com/nice-pink/streamey/cmd/streamey/main.go:83.41,86.3 2 0
github.com/nice-pink/streamey/cmd/streamey/main.go:89.2,90.16 2 0
github.com/nice-pink/streamey/cmd/streamey/main.go:90.16,92.3 1 0
github.com/nice-pink/streamey/cmd/streamey/main.go:93.2,94.16 2 0
github.com/nice-pink/streamey/cmd/streamey/main.go:94.16,96.3 1 0
github.com/nice-pink/streamey/cmd/streamey/main.go:97.2,97.13 1 0
github.com/nice-pink/streamey/cmd/streamey/main.go:100.172,104.15 4 0
github.com/nice-pink/streamey/cmd/streamey/main.go:104.15,107.17 2 0
github.com/nice-pink/streamey/cmd/streamey/main.go:107.17,110.4 2 0
github.com/nice-pink/streamey/cmd/streamey/main.go:111.3,111.36 1 0
github.com/nice-pink/streamey/cmd/streamey/main.go:115.2,118.16 4 0
github.com/nice-pink/streamey/cmd/streamey/main.go:118.16,121.3 2 0
github.com/nice-pink/streamey/cmd/streamey/main.go:122.2,127.29 4 0
github.com/nice-pink/streamey/cmd/streamey/main.go:127.29,128.25 1 0
github.com/nice-pink/streamey/cmd/streamey/main.go:128.25,130.4 1 0
github.com/nice-pink/streamey/cmd/streamey/main.go:131.3,132.17 2 0
github.com/nice-pink/streamey/cmd/streamey/main.go:132.17,134.4 1 0
github.com/nice-pink/streamey/cmd/streamey/main.go:135.3,135.29 1 0
github.com/nice-pink/streamey/cmd/streamey/main.go:135.29,137.4 1 0
github.com/nice-pink/streamey/cmd/streamey/main.go:138.3,138.13 1 0
github.com/nice-pink/streamey/cmd/streamey/main.go:142.2,142.15 1 0
github.com/nice-pink/streamey/cmd/streamey/main.go:142.15,144.26 2 0
github.com/nice-pink/streamey/cmd/streamey/main.go:144.26,149.18 3 0
github.com/nice-pink/streamey/cmd/streamey/main.go:149.18,151.5 1 0
github.com/nice-pink/streamey/cmd/streamey/main.go:152.4,152.72 1 0
github.com/nice-pink/streamey/cmd/streamey/main.go:152.72,154.5 1 0
github.com/nice-pink/streamey/cmd/streamey/main.go:155.4,155.14 1 0
github.com/nice-pink/streamey/cmd/streamey/main.go:158.3,158.95 1 0
github.com/nice-pink/streamey/cmd/streamey/main.go:159.8,162.3 2 0
github.com/nice-pink/streamey/cmd/streamey/main.go:164.2,164.11 1 0
github.com/nice-pink/streamey/cmd/streamey/main.go:167.61,168.19 1 0
github.com/nice-pink/streamey/cmd/streamey/main.go:168.19,170.3 1 0
github.com/nice-pink/streamey/cmd/streamey/main.go:172.2,173.17 2 0
github.com/nice-pink/streamey/cmd/streamey/main.go:173.17,175.3 1 0
github.com/nice-pink/streamey/cmd/streamey/main.go:182.2,191.16 8 0
github.com/nice-pink/streamey/cmd/streamey/main.go:191.16,193.3 1 0
github.com/nice-pink/streamey/cmd/streamey/main.go:194.2,194.20 1 0
github.com/nice-pink/streamey/cmd/streamey/main.go:197.75,222.2 0 0
github.com/nice-pink/streamey/cmd/readey/main.go:27.13,46.19 16 0
github.com/nice-pink/streamey/cmd/readey/main.go:46.19,48.3 1 0
github.com/nice-pink/streamey/cmd/readey/main.go:51.2,52.14 2 0
github.com/nice-pink/streamey/cmd/readey/main.go:52.14,56.3 3 0
github.com/nice-pink/streamey/cmd/readey/main.go:59.2,63.24 3 0
github.com/nice-pink/streamey/cmd/readey/main.go:63.24,67.3 2 0
github.com/nice-pink/streamey/cmd/readey/main.go:70.2,71.11 2 0
github.com/nice-pink/streamey/cmd/readey/main.go:76.188,79.42 3 0
github.com/nice-pink/streamey/cmd/readey/main.go:79.42,94.3 7 0
github.com/nice-pink/streamey/cmd/readey/main.go:94.8,94.54 1 0
github.com/nice-pink/streamey/cmd/readey/main.go:94.54,96.3 1 0
github.com/nice-pink/streamey/cmd/readey/main.go:96.8,98.3 1 0
github.com/nice-pink/streamey/cmd/readey/main.go:99.2,100.11 2 0
github.com/nice-pink/streamey/cmd/readey/main.go:105.119,111.6 4 0
github.com/nice-pink/streamey/cmd/readey/main.go:111.6,122.12 4 0
github.com/nice-pink/streamey/cmd/readey/main.go:122.12,123.9 1 0
github.com/nice-pink/streamey/cmd/readey/main.go:126.2,126.11 1 0
github.com/nice-pink/streamey/cmd/readey/main.go:129.60,132.29 2 0
github.com/nice-pink/streamey/cmd/readey/main.go:132.29,134.3 1 0
github.com/nice-pink/streamey/pkg/icecast/icecast.go:29.52,31.16 2 0
github.com/nice-pink/streamey/pkg/icecast/icecast.go:31.16,33.3 1 0
github.com/nice-pink/streamey/pkg/icecast/icecast.go:35.2,36.18 2 0
github.com/nice-pink/streamey/pkg/icecast/icecast.go:36.18,38.3 1 0
github.com/nice-pink/streamey/pkg/icecast/icecast.go:40.2,45.17 6 0
github.com/nice-pink/streamey/pkg/icecast/icecast.go:45.17,47.3 1 0
github.com/nice-pink/streamey/pkg/icecast/icecast.go:48.2,48.110 1 0
github.com/nice-pink/streamey/pkg/icecast/icecast.go:51.91,53.28 2 0
github.com/nice-pink/streamey/pkg/icecast/icecast.go:53.28,55.3 1 0
github.com/nice-pink/streamey/pkg/icecast/icecast.go:56.2,57.48 2 0
github.com/nice-pink/streamey/pkg/icecast/icecast.go:60.53,63.2 2 0
github.com/nice-pink/streamey/pkg/icecast/icecast.go:65.38,82.2 2 0
github.com/nice-pink/streamey/pkg/icecast/icecast.go:84.60,87.11 3 0
github.com/nice-pink/streamey/pkg/icecast/icecast.go:87.11,90.3 2 0
github.com/nice-pink/streamey/pkg/icecast/icecast.go:91.2,91.23 1 0
github.com/nice-pink/streamey/pkg/metricmanager/prometheus.go:12.23,16.2 3 0
github.com/nice-pink/streamey/pkg/miniomanager/miniomanager.go:24.68,30.16 2 0
github.com/nice-pink/streamey/pkg/miniomanager/miniomanager.go:30.16,33.3 2 0
github.com/nice-pink/streamey/pkg/miniomanager/miniomanager.go:35.2,35.69 1 0
github.com/nice-pink/streamey/pkg/miniomanager/miniomanager.go:38.127,46.16 4 0
github.com/nice-pink/streamey/pkg/miniomanager/miniomanager.go:46.16,49.3 2 0
github.com/nice-pink/streamey/pkg/miniomanager/miniomanager.go:50.2,52.17 2 0
github.com/nice-pink/streamey/pkg/miniomanager/miniomanager.go:52.17,55.21 3 0
github.com/nice-pink/streamey/pkg/miniomanager/miniomanager.go:55.21,57.4 1 0
github.com/nice-pink/streamey/pkg/miniomanager/miniomanager.go:60.2,60.12 1 0
github.com/nice-pink/streamey/pkg/miniomanager/miniomanager.go:63.90,67.12 2 0
github.com/nice-pink/streamey/pkg/miniomanager/miniomanager.go:67.12,73.6 2 0
github.com/nice-pink/streamey/pkg/miniomanager/miniomanager.go:73.6,74.25 1 0
github.com/nice-pink/streamey/pkg/miniomanager/miniomanager.go:74.25,76.5 1 0
github.com/nice-pink/streamey/pkg/miniomanager/miniomanager.go:77.4,77.65 1 0
github.com/nice-pink/streamey/pkg/miniomanager/miniomanager.go:77.65,80.5 2 0
github.com/nice-pink/streamey/pkg/miniomanager/miniomanager.go:84.2,89.90 3 0
github.com/nice-pink/streamey/pkg/miniomanager/miniomanager.go:89.90,90.22 1 0
github.com/nice-pink/streamey/pkg/miniomanager/miniomanager.go:90.22,93.4 2 0
github.com/nice-pink/streamey/pkg/miniomanager/miniomanager.go:95.2,95.16 1 0
github.com/nice-pink/streamey/cmd/cleaney/main.go:11.13,19.19 6 0
github.com/nice-pink/streamey/cmd/cleaney/main.go:19.19,22.3 2 0
github.com/nice-pink/streamey/cmd/cleaney/main.go:24.2,24.44 1 0
github.com/nice-pink/streamey/cmd/manipuley/main.go:12.13,21.18 6 0
github.com/nice-pink/streamey/cmd/manipuley/main.go:21.18,24.3 2 0
github.com/nice-pink/streamey/cmd/manipuley/main.go:26.2,27.16 2 0
github.com/nice-pink/streamey/cmd/manipuley/main.go:27.16,29.3 1 0
github.com/nice-pink/streamey/cmd/manipuley/main.go:31.2,32.16 2 0
github.com/nice-pink/streamey/cmd/manipuley/main.go:32.16,34.3 1 0
github.com/nice-pink/streamey/cmd/manipuley/main.go:37.2,39.22 3 0
github.com/nice-pink/streamey/cmd/manipuley/main.go:39.22,41.3 1 0
github.com/nice-pink/streamey/cmd/manipuley/main.go:43.2,43.14 1 0
github.com/nice-pink/streamey/cmd/manipuley/main.go:43.14,46.20 2 0
github.com/nice-pink/streamey/cmd/manipuley/main.go:46.20,48.18 2 0
github.com/nice-pink/streamey/cmd/manipuley/main.go:48.18,50.5 1 0
github.com/nice-pink/streamey/cmd/parsey/main.go:12.13,21.21 6 0
github.com/nice-pink/streamey/cmd/parsey/main.go:21.21,24.3 2 0
github.com/nice-pink/streamey/cmd/parsey/main.go:26.2,27.16 2 0
github.com/nice-pink/streamey/cmd/parsey/main.go:27.16,29.3 1 0
github.com/nice-pink/streamey/cmd/parsey/main.go:31.2,32.16 2 0
github.com/nice-pink/streamey/cmd/parsey/main.go:32.16,34.3 1 0
github.com/nice-pink/streamey/cmd/parsey/main.go:36.2,36.12 1 0
github.com/nice-pink/streamey/cmd/parsey/main.go:36.12,40.3 2 0
github.com/nice-pink/streamey/cmd/parsey/main.go:40.8,44.3 2 0
github.com/nice-pink/streamey/cmd/parsey/main.go:47.99,52.6 5 0
github.com/nice-pink/streamey/cmd/parsey/main.go:52.6,53.24 1 0
github.com/nice-pink/streamey/cmd/parsey/main.go:53.24,55.31 2 0
github.com/nice-pink/streamey/cmd/parsey/main.go:55.31,56.10 1 0
github.com/nice-pink/streamey/cmd/parsey/main.go:59.4,59.13 1 0
github.com/nice-pink/streamey/cmd/parsey/main.go:61.3,64.15 3 0
github.com/nice-pink/streamey/cmd/parsey/main.go:67.2,69.28 3 0
github.com/nice-pink/streamey/cmd/readey/main.go:27.13,46.19 16 0
github.com/nice-pink/streamey/cmd/readey/main.go:46.19,48.3 1 0
github.com/nice-pink/streamey/cmd/readey/main.go:51.2,52.14 2 0
github.com/nice-pink/streamey/cmd/readey/main.go:52.14,56.3 3 0
github.com/nice-pink/streamey/cmd/readey/main.go:59.2,63.24 3 0
github.com/nice-pink/streamey/cmd/readey/main.go:63.24,67.3 2 0
github.com/nice-pink/streamey/cmd/readey/main.go:70.2,71.11 2 0
github.com/nice-pink/streamey/cmd/readey/main.go:76.188,79.42 3 0
github.com/nice-pink/streamey/cmd/readey/main.go:79.42,94.3 7 0
github.com/nice-pink/streamey/cmd/readey/main.go:94.8,94.54 1 0
github.com/nice-pink/streamey/cmd/readey/main.go:94.54,96.3 1 0
github.com/nice-pink/streamey/cmd/readey/main.go:96.8,98.3 1 0
github.com/nice-pink/streamey/cmd/readey/main.go:99.2,100.11 2 0
github.com/nice-pink/streamey/cmd/readey/main.go:105.119,111.6 4 0
github.com/nice-pink/streamey/cmd/readey/main.go:111.6,122.12 4 0
github.com/nice-pink/streamey/cmd/readey/main.go:122.12,123.9 1 0
github.com/nice-pink/streamey/cmd/readey/main.go:126.2,126.11 1 0
github.com/nice-pink/streamey/cmd/readey/main.go:129.60,132.29 2 0
github.com/nice-pink/streamey/cmd/readey/main.go:132.29,134.3 1 0
github.com/nice-pink/streamey/cmd/streamey/main.go:28.13,50.20 18 0
github.com/nice-pink/streamey/cmd/streamey/main.go:50.20,53.3 2 0
github.com/nice-pink/streamey/cmd/streamey/main.go:56.2,57.14 2 0
github.com/nice-pink/streamey/cmd/streamey/main.go:57.14,61.3 3 0
github.com/nice-pink/streamey/cmd/streamey/main.go:63.2,66.11 3 0
github.com/nice-pink/streamey/cmd/streamey/main.go:66.11,71.3 3 0
github.com/nice-pink/streamey/cmd/streamey/main.go:73.2,77.11 4 0
github.com/nice-pink/streamey/cmd/streamey/main.go:80.38,83.41 3 0
github.com/nice-pink/streamey/cmd/streamey/main.go:83.41,86.3 2 0
github.com/nice-pink/streamey/cmd/streamey/main.go:89.2,90.16 2 0
github.com/nice-pink/streamey/cmd/streamey/main.go:90.16,92.3 1 0
github.com/nice-pink/streamey/cmd/streamey/main.go:93.2,94.16 2 0
github.com/nice-pink/streamey/cmd/streamey/main.go:94.16,96.3 1 0
github.com/nice-pink/streamey/cmd/streamey/main.go:97.2,97.13 1 0
github.com/nice-pink/streamey/cmd/streamey/main.go:100.172,104.15 4 0
github.com/nice-pink/streamey/cmd/streamey/main.go:104.15,107.17 2 0
github.com/nice-pink/streamey/cmd/streamey/main.go:107.17,110.4 2 0
github.com/nice-pink/streamey/cmd/streamey/main.go:111.3,111.36 1 0
github.com/nice-pink/streamey/cmd/streamey/main.go:115.2,118.16 4 0
github.com/nice-pink/streamey/cmd/streamey/main.go:118.16,121.3 2 0
github.com/nice-pink/streamey/cmd/streamey/main.go:122.2,127.29 4 0
github.com/nice-pink/streamey/cmd/streamey/main.go:127.29,128.25 1 0
github.com/nice-pink/streamey/cmd/streamey/main.go:128.25,130.4 1 0
github.com/nice-pink/streamey/cmd/streamey/main.go:131.3,132.17 2 0
github.com/nice-pink/streamey/cmd/streamey/main.go:132.17,134.4 1 0
github.com/nice-pink/streamey/cmd/streamey/main.go:135.3,135.29 1 0
github.com/nice-pink/streamey/cmd/streamey/main.go:135.29,137.4 1 0
github.com/nice-pink/streamey/cmd/streamey/main.go:138.3,138.13 1 0
github.com/nice-pink/streamey/cmd/streamey/main.go:142.2,142.15 1 0
github.com/nice-pink/streamey/cmd/streamey/main.go:142.15,144.26 2 0
github.com/nice-pink/streamey/cmd/streamey/main.go:144.26,149.18 3 0
github.com/nice-pink/streamey/cmd/streamey/main.go:149.18,151.5 1 0
github.com/nice-pink/streamey/cmd/streamey/main.go:152.4,152.72 1 0
github.com/nice-pink/streamey/cmd/streamey/main.go:152.72,154.5 1 0
github.com/nice-pink/streamey/cmd/streamey/main.go:155.4,155.14 1 0
github.com/nice-pink/streamey/cmd/streamey/main.go:158.3,158.95 1 0
github.com/nice-pink/streamey/cmd/streamey/main.go:159.8,162.3 2 0
github.com/nice-pink/streamey/cmd/streamey/main.go:164.2,164.11 1 0
github.com/nice-pink/streamey/cmd/streamey/main.go:167.61,168.19 1 0
github.com/nice-pink/streamey/cmd/streamey/main.go:168.19,170.3 1 0
github.com/nice-pink/streamey/cmd/streamey/main.go:172.2,173.17 2 0
github.com/nice-pink/streamey/cmd/streamey/main.go:173.17,175.3 1 0
github.com/nice-pink/streamey/cmd/streamey/main.go:182.2,191.16 8 0
github.com/nice-pink/streamey/cmd/streamey/main.go:191.16,193.3 1 0
github.com/nice-pink/streamey/cmd/streamey/main.go:194.2,194.20 1 0
github.com/nice-pink/streamey/cmd/streamey/main.go:197.75,222.2 0 0
github.com/nice-pink/streamey/pkg/configmanager/config.go:17.36,19.16 2 0
github.com/nice-pink/streamey/pkg/configmanager/config.go:19.16,21.13 2 0
github.com/nice-pink/streamey/pkg/configmanager/config.go:24.2,26.16 3 0
github.com/nice-pink/streamey/pkg/configmanager/config.go:26.16,28.13 2 0
github.com/nice-pink/streamey/pkg/configmanager/config.go:30.2,30.15 1 0
github.com/nice-pink/streamey/pkg/icecast/icecast.go:29.52,31.16 2 0
github.com/nice-pink/streamey/pkg/icecast/icecast.go:31.16,33.3 1 0
github.com/nice-pink/streamey/pkg/icecast/icecast.go:35.2,36.18 2 0
github.com/nice-pink/streamey/pkg/icecast/icecast.go:36.18,38.3 1 0
github.com/nice-pink/streamey/pkg/icecast/icecast.go:40.2,45.17 6 0
github.com/nice-pink/streamey/pkg/icecast/icecast.go:45.17,47.3 1 0
github.com/nice-pink/streamey/pkg/icecast/icecast.go:48.2,48.110 1 0
github.com/nice-pink/streamey/pkg/icecast/icecast.go:51.91,53.28 2 0
github.com/nice-pink/streamey/pkg/icecast/icecast.go:53.28,55.3 1 0
github.com/nice-pink/streamey/pkg/icecast/icecast.go:56.2,57.48 2 0
github.com/nice-pink/streamey/pkg/icecast/icecast.go:60.53,63.2 2 0
github.com/nice-pink/streamey/pkg/icecast/icecast.go:65.38,82.2 2 0
github.com/nice-pink/streamey/pkg/icecast/icecast.go:84.60,87.11 3 0
github.com/nice-pink/streamey/pkg/icecast/icecast.go:87.11,90.3 2 0
github.com/nice-pink/streamey/pkg/icecast/icecast.go:91.2,91.23 1 0
github.com/nice-pink/streamey/pkg/metricmanager/prometheus.go:12.23,16.2 3 0
github.com/nice-pink/streamey/pkg/miniomanager/miniomanager.go:24.68,30.16 2 0
github.com/nice-pink/streamey/pkg/miniomanager/miniomanager.go:30.16,33.3 2 0
github.com/nice-pink/streamey/pkg/miniomanager/miniomanager.go:35.2,35.69 1 0
github.com/nice-pink/streamey/pkg/miniomanager/miniomanager.go:38.127,46.16 4 0
github.com/nice-pink/streamey/pkg/miniomanager/miniomanager.go:46.16,49.3 2 0
github.com/nice-pink/streamey/pkg/miniomanager/miniomanager.go:50.2,52.17 2 0
github.com/nice-pink/streamey/pkg/miniomanager/miniomanager.go:52.17,55.21 3 0
github.com/nice-pink/streamey/pkg/miniomanager/miniomanager.go:55.21,57.4 1 0
github.com/nice-pink/streamey/pkg/miniomanager/miniomanager.go:60.2,60.12 1 0
github.com/nice-pink/streamey/pkg/miniomanager/miniomanager.go:63.90,67.12 2 0
github.com/nice-pink/streamey/pkg/miniomanager/miniomanager.go:67.12,73.6 2 0
github.com/nice-pink/streamey/pkg/miniomanager/miniomanager.go:73.6,74.25 1 0
github.com/nice-pink/streamey/pkg/miniomanager/miniomanager.go:74.25,76.5 1 0
github.com/nice-pink/streamey/pkg/miniomanager/miniomanager.go:77.4,77.65 1 0
github.com/nice-pink/streamey/pkg/miniomanager/miniomanager.go:77.65,80.5 2 0
github.com/nice-pink/streamey/pkg/miniomanager/miniomanager.go:84.2,89.90 3 0
github.com/nice-pink/streamey/pkg/miniomanager/miniomanager.go:89.90,90.22 1 0
github.com/nice-pink/streamey/pkg/miniomanager/miniomanager.go:90.22,93.4 2 0
github.com/nice-pink/streamey/pkg/miniomanager/miniomanager.go:95.2,95.16 1 0
github.com/nice-pink/streamey/pkg/util/files.go:14.77,23.29 6 0
github.com/nice-pink/streamey/pkg/util/files.go:23.29,25.3 1 0
github.com/nice-pink/streamey/pkg/util/files.go:26.2,30.12 3 0
github.com/nice-pink/streamey/pkg/util/files.go:30.12,34.3 3 0
github.com/nice-pink/streamey/pkg/util/files.go:37.54,40.16 2 0
github.com/nice-pink/streamey/pkg/util/files.go:40.16,42.3 1 0
github.com/nice-pink/streamey/pkg/util/files.go:43.2,47.16 3 0
github.com/nice-pink/streamey/pkg/util/files.go:47.16,49.3 1 0
github.com/nice-pink/streamey/pkg/util/files.go:50.2,54.16 3 0
github.com/nice-pink/streamey/pkg/util/files.go:54.16,56.3 1 0
github.com/nice-pink/streamey/pkg/util/files.go:58.2,58.12 1 0
github.com/nice-pink/streamey/pkg/util/math.go:12.50,19.22 5 0
github.com/nice-pink/streamey/pkg/util/math.go:19.22,21.3 1 0
github.com/nice-pink/streamey/pkg/util/math.go:22.2,23.28 2 0
github.com/nice-pink/streamey/pkg/util/math.go:26.68,34.22 6 4
github.com/nice-pink/streamey/pkg/util/math.go:34.22,36.3 1 2
github.com/nice-pink/streamey/pkg/util/math.go:39.2,40.19 2 4
github.com/nice-pink/streamey/pkg/util/math.go:40.19,42.3 1 1
github.com/nice-pink/streamey/pkg/util/math.go:43.2,47.25 3 4
github.com/nice-pink/streamey/pkg/util/math.go:50.51,53.16 2 0
github.com/nice-pink/streamey/pkg/util/math.go:53.16,56.3 2 0
github.com/nice-pink/streamey/pkg/util/math.go:59.2,59.31 1 0
github.com/nice-pink/streamey/pkg/util/math.go:59.31,62.3 2 0
github.com/nice-pink/streamey/pkg/util/math.go:65.2,65.26 1 0
github.com/nice-pink/streamey/pkg/util/math.go:65.26,66.22 1 0
github.com/nice-pink/streamey/pkg/util/math.go:66.22,69.4 1 0
github.com/nice-pink/streamey/pkg/util/math.go:71.2,71.13 1 0
github.com/nice-pink/streamey/pkg/util/math.go:74.71,77.16 2 0
github.com/nice-pink/streamey/pkg/util/math.go:77.16,80.3 2 0
github.com/nice-pink/streamey/pkg/util/math.go:81.2,82.16 2 0
github.com/nice-pink/streamey/pkg/util/math.go:82.16,85.3 2 0
github.com/nice-pink/streamey/pkg/util/math.go:88.2,88.62 1 0
github.com/nice-pink/streamey/pkg/util/math.go:88.62,91.3 2 0
github.com/nice-pink/streamey/pkg/util/math.go:94.2,94.26 1 0
github.com/nice-pink/streamey/pkg/util/math.go:94.26,95.34 1 0
github.com/nice-pink/streamey/pkg/util/math.go:95.34,98.4 1 0
github.com/nice-pink/streamey/pkg/util/math.go:100.2,100.13 1 0
github.com/nice-pink/streamey/pkg/util/math.go:104.39,108.16 4 0
github.com/nice-pink/streamey/pkg/util/math.go:108.16,111.3 2 0
github.com/nice-pink/streamey/pkg/util/math.go:112.2,113.6 2 0
github.com/nice-pink/streamey/pkg/util/math.go:113.6,114.16 1 0
github.com/nice-pink/streamey/pkg/util/math.go:114.16,115.9 1 0
github.com/nice-pink/streamey/pkg/util/math.go:117.3,119.13 3 0
github.com/nice-pink/streamey/pkg/util/math.go:121.2,121.12 1 0
github.com/nice-pink/streamey/pkg/util/math.go:126.39,128.14 2 10
github.com/nice-pink/streamey/pkg/util/math.go:128.14,131.30 2 5
github.com/nice-pink/streamey/pkg/util/math.go:131.30,133.4 1 2
github.com/nice-pink/streamey/pkg/util/math.go:134.3,134.19 1 5
github.com/nice-pink/streamey/pkg/util/math.go:135.8,137.28 1 5
github.com/nice-pink/streamey/pkg/util/math.go:137.28,139.4 1 1
github.com/nice-pink/streamey/pkg/util/math.go:140.3,140.21 1 5
github.com/nice-pink/streamey/pkg/util/strings.go:3.31,4.11 1 0
github.com/nice-pink/streamey/pkg/util/strings.go:4.11,6.3 1 0
github.com/nice-pink/streamey/pkg/util/strings.go:7.2,7.13 1 0
