mode: atomic
github.com/nice-pink/streamey/cmd/manipuley/main.go:12.13,21.18 6 0
github.com/nice-pink/streamey/cmd/manipuley/main.go:21.18,24.3 2 0
github.com/nice-pink/streamey/cmd/manipuley/main.go:26.2,27.16 2 0
github.com/nice-pink/streamey/cmd/manipuley/main.go:27.16,29.3 1 0
github.com/nice-pink/streamey/cmd/manipuley/main.go:31.2,32.16 2 0
github.com/nice-pink/streamey/cmd/manipuley/main.go:32.16,34.3 1 0
github.com/nice-pink/streamey/cmd/manipuley/main.go:37.2,39.22 3 0
github.com/nice-pink/streamey/cmd/manipuley/main.go:39.22,41.3 1 0
github.com/nice-pink/streamey/cmd/manipuley/main.go:43.2,43.14 1 0
github.com/nice-pink/streamey/cmd/manipuley/main.go:43.14,46.20 2 0
github.com/nice-pink/streamey/cmd/manipuley/main.go:46.20,48.18 2 0
github.com/nice-pink/streamey/cmd/manipuley/main.go:48.18,50.5 1 0
github.com/nice-pink/streamey/cmd/parsey/main.go:12.13,21.21 6 0
github.com/nice-pink/streamey/cmd/parsey/main.go:21.21,24.3 2 0
github.com/nice-pink/streamey/cmd/parsey/main.go:26.2,27.16 2 0
github.com/nice-pink/streamey/cmd/parsey/main.go:27.16,29.3 1 0
github.com/nice-pink/streamey/cmd/parsey/main.go:31.2,32.16 2 0
github.com/nice-pink/streamey/cmd/parsey/main.go:32.16,34.3 1 0
github.com/nice-pink/streamey/cmd/parsey/main.go:36.2,36.12 1 0
github.com/nice-pink/streamey/cmd/parsey/main.go:36.12,40.3 2 0
github.com/nice-pink/streamey/cmd/parsey/main.go:40.8,44.3 2 0
github.com/nice-pink/streamey/cmd/parsey/main.go:47.99,52.6 5 0
github.com/nice-pink/streamey/cmd/parsey/main.go:52.6,53.24 1 0
github.com/nice-pink/streamey/cmd/parsey/main.go:53.24,55.31 2 0
github.com/nice-pink/streamey/cmd/parsey/main.go:55.31,56.10 1 0
github.com/nice-pink/streamey/cmd/parsey/main.go:59.4,59.13 1 0
github.com/nice-pink/streamey/cmd/parsey/main.go:61.3,64.15 3 0
github.com/nice-pink/streamey/cmd/parsey/main.go:67.2,69.28 3 0
github.com/nice-pink/streamey/cmd/readey/main.go:27.13,46.19 16 0
github.com/nice-pink/streamey/cmd/readey/main.go:46.19,48.3 1 0
github.com/nice-pink/streamey/cmd/readey/main.go:51.2,52.14 2 0
github.com/nice-pink/streamey/cmd/readey/main.go:52.14,56.3 3 0
github.com/nice-pink/streamey/cmd/readey/main.go:59.2,63.24 3 0
github.com/nice-pink/streamey/cmd/readey/main.go:63.24,67.3 2 0
github.com/nice-pink/streamey/cmd/readey/main.go:70.2,71.11 2 0
github.com/nice-pink/streamey/cmd/readey/main.go:76.192,79.42 3 0
github.com/nice-pink/streamey/cmd/readey/main.go:79.42,94.3 7 0
github.com/nice-pink/streamey/cmd/readey/main.go:94.8,94.54 1 0
github.com/nice-pink/streamey/cmd/readey/main.go:94.54,96.3 1 0
github.com/nice-pink/streamey/cmd/readey/main.go:96.8,98.3 1 0
github.com/nice-pink/streamey/cmd/readey/main.go:99.2,100.11 2 0
github.com/nice-pink/streamey/cmd/readey/main.go:105.123,111.6 4 0
github.com/nice-pink/streamey/cmd/readey/main.go:111.6,122.12 4 0
github.com/nice-pink/streamey/cmd/readey/main.go:122.12,123.9 1 0
github.com/nice-pink/streamey/cmd/readey/main.go:126.2,126.11 1 0
github.com/nice-pink/streamey/cmd/readey/main.go:129.60,132.29 2 0
github.com/nice-pink/streamey/cmd/readey/main.go:132.29,134.3 1 0
github.com/nice-pink/streamey/cmd/cleaney/main.go:11.13,19.19 6 0
github.com/nice-pink/streamey/cmd/cleaney/main.go:19.19,22.3 2 0
github.com/nice-pink/streamey/cmd/cleaney/main.go:24.2,24.44 1 0
github.com/nice-pink/streamey/cmd/streamey/main.go:16.13,39.14 10 0
github.com/nice-pink/streamey/cmd/streamey/main.go:39.14,43.3 3 0
github.com/nice-pink/streamey/cmd/streamey/main.go:45.2,55.36 2 0
github.com/nice-pink/streamey/cmd/streamey/main.go:55.36,58.3 2 0
github.com/nice-pink/streamey/cmd/streamey/main.go:60.2,60.11 1 0
github.com/nice-pink/streamey/pkg/configmanager/readey.go:17.50,19.16 2 0
github.com/nice-pink/streamey/pkg/configmanager/readey.go:19.16,21.13 2 0
github.com/nice-pink/streamey/pkg/configmanager/readey.go:24.2,26.16 3 0
github.com/nice-pink/streamey/pkg/configmanager/readey.go:26.16,28.13 2 0
github.com/nice-pink/streamey/pkg/configmanager/readey.go:30.2,30.15 1 0
github.com/nice-pink/streamey/pkg/configmanager/streamey.go:19.48,20.31 1 0
github.com/nice-pink/streamey/pkg/configmanager/streamey.go:21.19,22.31 1 0
github.com/nice-pink/streamey/pkg/configmanager/streamey.go:23.17,24.29 1 0
github.com/nice-pink/streamey/pkg/configmanager/streamey.go:25.10,26.27 1 0
github.com/nice-pink/streamey/pkg/configmanager/streamey.go:70.53,72.16 2 0
github.com/nice-pink/streamey/pkg/configmanager/streamey.go:72.16,74.13 2 0
github.com/nice-pink/streamey/pkg/configmanager/streamey.go:77.2,79.16 3 0
github.com/nice-pink/streamey/pkg/configmanager/streamey.go:79.16,81.13 2 0
github.com/nice-pink/streamey/pkg/configmanager/streamey.go:83.2,83.15 1 0
github.com/nice-pink/streamey/pkg/metadata/metadata.go:26.169,27.38 1 0
github.com/nice-pink/streamey/pkg/metadata/metadata.go:27.38,29.3 1 0
github.com/nice-pink/streamey/pkg/metadata/metadata.go:32.2,38.16 5 0
github.com/nice-pink/streamey/pkg/metadata/metadata.go:38.16,40.3 1 0
github.com/nice-pink/streamey/pkg/metadata/metadata.go:43.2,44.28 2 0
github.com/nice-pink/streamey/pkg/metadata/metadata.go:44.28,46.3 1 0
github.com/nice-pink/streamey/pkg/metadata/metadata.go:48.2,48.20 1 0
github.com/nice-pink/streamey/pkg/metadata/metadata.go:51.97,53.17 2 0
github.com/nice-pink/streamey/pkg/metadata/metadata.go:53.17,55.3 1 0
github.com/nice-pink/streamey/pkg/metadata/metadata.go:57.2,90.27 21 0
github.com/nice-pink/streamey/pkg/metadata/metadata.go:93.44,95.35 2 0
github.com/nice-pink/streamey/pkg/metadata/metadata.go:96.14,97.22 1 0
github.com/nice-pink/streamey/pkg/metadata/metadata.go:98.14,99.22 1 0
github.com/nice-pink/streamey/pkg/metadata/metadata.go:100.20,101.28 1 0
github.com/nice-pink/streamey/pkg/metadata/metadata.go:102.12,103.20 1 0
github.com/nice-pink/streamey/pkg/metadata/metadata.go:107.2,107.30 1 0
github.com/nice-pink/streamey/pkg/metricmanager/prometheus.go:12.23,16.2 3 0
github.com/nice-pink/streamey/pkg/streamer/streamer.go:25.111,30.20 3 0
github.com/nice-pink/streamey/pkg/streamer/streamer.go:30.20,33.3 2 0
github.com/nice-pink/streamey/pkg/streamer/streamer.go:36.2,43.40 6 0
github.com/nice-pink/streamey/pkg/streamer/streamer.go:43.40,45.3 1 0
github.com/nice-pink/streamey/pkg/streamer/streamer.go:46.2,50.16 5 0
github.com/nice-pink/streamey/pkg/streamer/streamer.go:50.16,53.3 2 0
github.com/nice-pink/streamey/pkg/streamer/streamer.go:54.2,58.42 3 0
github.com/nice-pink/streamey/pkg/streamer/streamer.go:58.42,60.25 2 0
github.com/nice-pink/streamey/pkg/streamer/streamer.go:60.25,62.4 1 0
github.com/nice-pink/streamey/pkg/streamer/streamer.go:63.3,64.17 2 0
github.com/nice-pink/streamey/pkg/streamer/streamer.go:64.17,66.4 1 0
github.com/nice-pink/streamey/pkg/streamer/streamer.go:67.3,67.29 1 0
github.com/nice-pink/streamey/pkg/streamer/streamer.go:67.29,69.4 1 0
github.com/nice-pink/streamey/pkg/streamer/streamer.go:70.3,70.13 1 0
github.com/nice-pink/streamey/pkg/streamer/streamer.go:74.2,74.110 1 0
github.com/nice-pink/streamey/pkg/streamer/streamer.go:74.110,76.26 2 0
github.com/nice-pink/streamey/pkg/streamer/streamer.go:76.26,80.57 3 0
github.com/nice-pink/streamey/pkg/streamer/streamer.go:80.57,83.5 2 0
github.com/nice-pink/streamey/pkg/streamer/streamer.go:83.10,83.66 1 0
github.com/nice-pink/streamey/pkg/streamer/streamer.go:83.66,85.5 1 0
github.com/nice-pink/streamey/pkg/streamer/streamer.go:87.4,87.18 1 0
github.com/nice-pink/streamey/pkg/streamer/streamer.go:87.18,89.5 1 0
github.com/nice-pink/streamey/pkg/streamer/streamer.go:90.4,90.78 1 0
github.com/nice-pink/streamey/pkg/streamer/streamer.go:90.78,92.5 1 0
github.com/nice-pink/streamey/pkg/streamer/streamer.go:93.4,93.14 1 0
github.com/nice-pink/streamey/pkg/streamer/streamer.go:96.3,96.106 1 0
github.com/nice-pink/streamey/pkg/streamer/streamer.go:97.8,100.3 2 0
github.com/nice-pink/streamey/pkg/streamer/streamer.go:102.2,102.11 1 0
github.com/nice-pink/streamey/pkg/streamer/streamer.go:107.109,111.110 4 0
github.com/nice-pink/streamey/pkg/streamer/streamer.go:111.110,114.17 2 0
github.com/nice-pink/streamey/pkg/streamer/streamer.go:114.17,117.4 2 0
github.com/nice-pink/streamey/pkg/streamer/streamer.go:118.3,119.26 2 0
github.com/nice-pink/streamey/pkg/streamer/streamer.go:121.2,121.24 1 0
github.com/nice-pink/streamey/pkg/streamer/streamer.go:124.38,127.41 3 0
github.com/nice-pink/streamey/pkg/streamer/streamer.go:127.41,130.3 2 0
github.com/nice-pink/streamey/pkg/streamer/streamer.go:133.2,134.16 2 0
github.com/nice-pink/streamey/pkg/streamer/streamer.go:134.16,136.3 1 0
github.com/nice-pink/streamey/pkg/streamer/streamer.go:137.2,138.16 2 0
github.com/nice-pink/streamey/pkg/streamer/streamer.go:138.16,140.3 1 0
github.com/nice-pink/streamey/pkg/streamer/streamer.go:141.2,141.13 1 0
github.com/nice-pink/streamey/pkg/streamer/streamer.go:146.75,171.2 0 0
github.com/nice-pink/streamey/pkg/miniomanager/miniomanager.go:24.68,30.16 2 0
github.com/nice-pink/streamey/pkg/miniomanager/miniomanager.go:30.16,33.3 2 0
github.com/nice-pink/streamey/pkg/miniomanager/miniomanager.go:35.2,35.69 1 0
github.com/nice-pink/streamey/pkg/miniomanager/miniomanager.go:38.127,46.16 4 0
github.com/nice-pink/streamey/pkg/miniomanager/miniomanager.go:46.16,49.3 2 0
github.com/nice-pink/streamey/pkg/miniomanager/miniomanager.go:50.2,52.17 2 0
github.com/nice-pink/streamey/pkg/miniomanager/miniomanager.go:52.17,55.21 3 0
github.com/nice-pink/streamey/pkg/miniomanager/miniomanager.go:55.21,57.4 1 0
github.com/nice-pink/streamey/pkg/miniomanager/miniomanager.go:60.2,60.12 1 0
github.com/nice-pink/streamey/pkg/miniomanager/miniomanager.go:63.90,67.12 2 0
github.com/nice-pink/streamey/pkg/miniomanager/miniomanager.go:67.12,73.6 2 0
github.com/nice-pink/streamey/pkg/miniomanager/miniomanager.go:73.6,74.25 1 0
github.com/nice-pink/streamey/pkg/miniomanager/miniomanager.go:74.25,76.5 1 0
github.com/nice-pink/streamey/pkg/miniomanager/miniomanager.go:77.4,77.65 1 0
github.com/nice-pink/streamey/pkg/miniomanager/miniomanager.go:77.65,80.5 2 0
github.com/nice-pink/streamey/pkg/miniomanager/miniomanager.go:84.2,89.90 3 0
github.com/nice-pink/streamey/pkg/miniomanager/miniomanager.go:89.90,90.22 1 0
github.com/nice-pink/streamey/pkg/miniomanager/miniomanager.go:90.22,93.4 2 0
github.com/nice-pink/streamey/pkg/miniomanager/miniomanager.go:95.2,95.16 1 0
github.com/nice-pink/streamey/cmd/cleaney/main.go:11.13,19.19 6 0
github.com/nice-pink/streamey/cmd/cleaney/main.go:19.19,22.3 2 0
github.com/nice-pink/streamey/cmd/cleaney/main.go:24.2,24.44 1 0
github.com/nice-pink/streamey/cmd/manipuley/main.go:12.13,21.18 6 0
github.com/nice-pink/streamey/cmd/manipuley/main.go:21.18,24.3 2 0
github.com/nice-pink/streamey/cmd/manipuley/main.go:26.2,27.16 2 0
github.com/nice-pink/streamey/cmd/manipuley/main.go:27.16,29.3 1 0
github.com/nice-pink/streamey/cmd/manipuley/main.go:31.2,32.16 2 0
github.com/nice-pink/streamey/cmd/manipuley/main.go:32.16,34.3 1 0
github.com/nice-pink/streamey/cmd/manipuley/main.go:37.2,39.22 3 0
github.com/nice-pink/streamey/cmd/manipuley/main.go:39.22,41.3 1 0
github.com/nice-pink/streamey/cmd/manipuley/main.go:43.2,43.14 1 0
github.com/nice-pink/streamey/cmd/manipuley/main.go:43.14,46.20 2 0
github.com/nice-pink/streamey/cmd/manipuley/main.go:46.20,48.18 2 0
github.com/nice-pink/streamey/cmd/manipuley/main.go:48.18,50.5 1 0
github.com/nice-pink/streamey/cmd/parsey/main.go:12.13,21.21 6 0
github.com/nice-pink/streamey/cmd/parsey/main.go:21.21,24.3 2 0
github.com/nice-pink/streamey/cmd/parsey/main.go:26.2,27.16 2 0
github.com/nice-pink/streamey/cmd/parsey/main.go:27.16,29.3 1 0
github.com/nice-pink/streamey/cmd/parsey/main.go:31.2,32.16 2 0
github.com/nice-pink/streamey/cmd/parsey/main.go:32.16,34.3 1 0
github.com/nice-pink/streamey/cmd/parsey/main.go:36.2,36.12 1 0
github.com/nice-pink/streamey/cmd/parsey/main.go:36.12,40.3 2 0
github.com/nice-pink/streamey/cmd/parsey/main.go:40.8,44.3 2 0
github.com/nice-pink/streamey/cmd/parsey/main.go:47.99,52.6 5 0
github.com/nice-pink/streamey/cmd/parsey/main.go:52.6,53.24 1 0
github.com/nice-pink/streamey/cmd/parsey/main.go:53.24,55.31 2 0
github.com/nice-pink/streamey/cmd/parsey/main.go:55.31,56.10 1 0
github.com/nice-pink/streamey/cmd/parsey/main.go:59.4,59.13 1 0
github.com/nice-pink/streamey/cmd/parsey/main.go:61.3,64.15 3 0
github.com/nice-pink/streamey/cmd/parsey/main.go:67.2,69.28 3 0
github.com/nice-pink/streamey/cmd/readey/main.go:27.13,46.19 16 0
github.com/nice-pink/streamey/cmd/readey/main.go:46.19,48.3 1 0
github.com/nice-pink/streamey/cmd/readey/main.go:51.2,52.14 2 0
github.com/nice-pink/streamey/cmd/readey/main.go:52.14,56.3 3 0
github.com/nice-pink/streamey/cmd/readey/main.go:59.2,63.24 3 0
github.com/nice-pink/streamey/cmd/readey/main.go:63.24,67.3 2 0
github.com/nice-pink/streamey/cmd/readey/main.go:70.2,71.11 2 0
github.com/nice-pink/streamey/cmd/readey/main.go:76.192,79.42 3 0
github.com/nice-pink/streamey/cmd/readey/main.go:79.42,94.3 7 0
github.com/nice-pink/streamey/cmd/readey/main.go:94.8,94.54 1 0
github.com/nice-pink/streamey/cmd/readey/main.go:94.54,96.3 1 0
github.com/nice-pink/streamey/cmd/readey/main.go:96.8,98.3 1 0
github.com/nice-pink/streamey/cmd/readey/main.go:99.2,100.11 2 0
github.com/nice-pink/streamey/cmd/readey/main.go:105.123,111.6 4 0
github.com/nice-pink/streamey/cmd/readey/main.go:111.6,122.12 4 0
github.com/nice-pink/streamey/cmd/readey/main.go:122.12,123.9 1 0
github.com/nice-pink/streamey/cmd/readey/main.go:126.2,126.11 1 0
github.com/nice-pink/streamey/cmd/readey/main.go:129.60,132.29 2 0
github.com/nice-pink/streamey/cmd/readey/main.go:132.29,134.3 1 0
github.com/nice-pink/streamey/cmd/streamey/main.go:16.13,39.14 10 0
github.com/nice-pink/streamey/cmd/streamey/main.go:39.14,43.3 3 0
github.com/nice-pink/streamey/cmd/streamey/main.go:45.2,55.36 2 0
github.com/nice-pink/streamey/cmd/streamey/main.go:55.36,58.3 2 0
github.com/nice-pink/streamey/cmd/streamey/main.go:60.2,60.11 1 0
github.com/nice-pink/streamey/pkg/configmanager/readey.go:17.50,19.16 2 0
github.com/nice-pink/streamey/pkg/configmanager/readey.go:19.16,21.13 2 0
github.com/nice-pink/streamey/pkg/configmanager/readey.go:24.2,26.16 3 0
github.com/nice-pink/streamey/pkg/configmanager/readey.go:26.16,28.13 2 0
github.com/nice-pink/streamey/pkg/configmanager/readey.go:30.2,30.15 1 0
github.com/nice-pink/streamey/pkg/configmanager/streamey.go:19.48,20.31 1 0
github.com/nice-pink/streamey/pkg/configmanager/streamey.go:21.19,22.31 1 0
github.com/nice-pink/streamey/pkg/configmanager/streamey.go:23.17,24.29 1 0
github.com/nice-pink/streamey/pkg/configmanager/streamey.go:25.10,26.27 1 0
github.com/nice-pink/streamey/pkg/configmanager/streamey.go:70.53,72.16 2 0
github.com/nice-pink/streamey/pkg/configmanager/streamey.go:72.16,74.13 2 0
github.com/nice-pink/streamey/pkg/configmanager/streamey.go:77.2,79.16 3 0
github.com/nice-pink/streamey/pkg/configmanager/streamey.go:79.16,81.13 2 0
github.com/nice-pink/streamey/pkg/configmanager/streamey.go:83.2,83.15 1 0
github.com/nice-pink/streamey/pkg/metadata/metadata.go:26.169,27.38 1 0
github.com/nice-pink/streamey/pkg/metadata/metadata.go:27.38,29.3 1 0
github.com/nice-pink/streamey/pkg/metadata/metadata.go:32.2,38.16 5 0
github.com/nice-pink/streamey/pkg/metadata/metadata.go:38.16,40.3 1 0
github.com/nice-pink/streamey/pkg/metadata/metadata.go:43.2,44.28 2 0
github.com/nice-pink/streamey/pkg/metadata/metadata.go:44.28,46.3 1 0
github.com/nice-pink/streamey/pkg/metadata/metadata.go:48.2,48.20 1 0
github.com/nice-pink/streamey/pkg/metadata/metadata.go:51.97,53.17 2 0
github.com/nice-pink/streamey/pkg/metadata/metadata.go:53.17,55.3 1 0
github.com/nice-pink/streamey/pkg/metadata/metadata.go:57.2,90.27 21 0
github.com/nice-pink/streamey/pkg/metadata/metadata.go:93.44,95.35 2 0
github.com/nice-pink/streamey/pkg/metadata/metadata.go:96.14,97.22 1 0
github.com/nice-pink/streamey/pkg/metadata/metadata.go:98.14,99.22 1 0
github.com/nice-pink/streamey/pkg/metadata/metadata.go:100.20,101.28 1 0
github.com/nice-pink/streamey/pkg/metadata/metadata.go:102.12,103.20 1 0
github.com/nice-pink/streamey/pkg/metadata/metadata.go:107.2,107.30 1 0
github.com/nice-pink/streamey/pkg/metricmanager/prometheus.go:12.23,16.2 3 0
github.com/nice-pink/streamey/pkg/miniomanager/miniomanager.go:24.68,30.16 2 0
github.com/nice-pink/streamey/pkg/miniomanager/miniomanager.go:30.16,33.3 2 0
github.com/nice-pink/streamey/pkg/miniomanager/miniomanager.go:35.2,35.69 1 0
github.com/nice-pink/streamey/pkg/miniomanager/miniomanager.go:38.127,46.16 4 0
github.com/nice-pink/streamey/pkg/miniomanager/miniomanager.go:46.16,49.3 2 0
github.com/nice-pink/streamey/pkg/miniomanager/miniomanager.go:50.2,52.17 2 0
github.com/nice-pink/streamey/pkg/miniomanager/miniomanager.go:52.17,55.21 3 0
github.com/nice-pink/streamey/pkg/miniomanager/miniomanager.go:55.21,57.4 1 0
github.com/nice-pink/streamey/pkg/miniomanager/miniomanager.go:60.2,60.12 1 0
github.com/nice-pink/streamey/pkg/miniomanager/miniomanager.go:63.90,67.12 2 0
github.com/nice-pink/streamey/pkg/miniomanager/miniomanager.go:67.12,73.6 2 0
github.com/nice-pink/streamey/pkg/miniomanager/miniomanager.go:73.6,74.25 1 0
github.com/nice-pink/streamey/pkg/miniomanager/miniomanager.go:74.25,76.5 1 0
github.com/nice-pink/streamey/pkg/miniomanager/miniomanager.go:77.4,77.65 1 0
github.com/nice-pink/streamey/pkg/miniomanager/miniomanager.go:77.65,80.5 2 0
github.com/nice-pink/streamey/pkg/miniomanager/miniomanager.go:84.2,89.90 3 0
github.com/nice-pink/streamey/pkg/miniomanager/miniomanager.go:89.90,90.22 1 0
github.com/nice-pink/streamey/pkg/miniomanager/miniomanager.go:90.22,93.4 2 0
github.com/nice-pink/streamey/pkg/miniomanager/miniomanager.go:95.2,95.16 1 0
github.com/nice-pink/streamey/pkg/streamer/streamer.go:25.111,30.20 3 0
github.com/nice-pink/streamey/pkg/streamer/streamer.go:30.20,33.3 2 0
github.com/nice-pink/streamey/pkg/streamer/streamer.go:36.2,43.40 6 0
github.com/nice-pink/streamey/pkg/streamer/streamer.go:43.40,45.3 1 0
github.com/nice-pink/streamey/pkg/streamer/streamer.go:46.2,50.16 5 0
github.com/nice-pink/streamey/pkg/streamer/streamer.go:50.16,53.3 2 0
github.com/nice-pink/streamey/pkg/streamer/streamer.go:54.2,58.42 3 0
github.com/nice-pink/streamey/pkg/streamer/streamer.go:58.42,60.25 2 0
github.com/nice-pink/streamey/pkg/streamer/streamer.go:60.25,62.4 1 0
github.com/nice-pink/streamey/pkg/streamer/streamer.go:63.3,64.17 2 0
github.com/nice-pink/streamey/pkg/streamer/streamer.go:64.17,66.4 1 0
github.com/nice-pink/streamey/pkg/streamer/streamer.go:67.3,67.29 1 0
github.com/nice-pink/streamey/pkg/streamer/streamer.go:67.29,69.4 1 0
github.com/nice-pink/streamey/pkg/streamer/streamer.go:70.3,70.13 1 0
github.com/nice-pink/streamey/pkg/streamer/streamer.go:74.2,74.110 1 0
github.com/nice-pink/streamey/pkg/streamer/streamer.go:74.110,76.26 2 0
github.com/nice-pink/streamey/pkg/streamer/streamer.go:76.26,80.57 3 0
github.com/nice-pink/streamey/pkg/streamer/streamer.go:80.57,83.5 2 0
github.com/nice-pink/streamey/pkg/streamer/streamer.go:83.10,83.66 1 0
github.com/nice-pink/streamey/pkg/streamer/streamer.go:83.66,85.5 1 0
github.com/nice-pink/streamey/pkg/streamer/streamer.go:87.4,87.18 1 0
github.com/nice-pink/streamey/pkg/streamer/streamer.go:87.18,89.5 1 0
github.com/nice-pink/streamey/pkg/streamer/streamer.go:90.4,90.78 1 0
github.com/nice-pink/streamey/pkg/streamer/streamer.go:90.78,92.5 1 0
github.com/nice-pink/streamey/pkg/streamer/streamer.go:93.4,93.14 1 0
github.com/nice-pink/streamey/pkg/streamer/streamer.go:96.3,96.106 1 0
github.com/nice-pink/streamey/pkg/streamer/streamer.go:97.8,100.3 2 0
github.com/nice-pink/streamey/pkg/streamer/streamer.go:102.2,102.11 1 0
github.com/nice-pink/streamey/pkg/streamer/streamer.go:107.109,111.110 4 0
github.com/nice-pink/streamey/pkg/streamer/streamer.go:111.110,114.17 2 0
github.com/nice-pink/streamey/pkg/streamer/streamer.go:114.17,117.4 2 0
github.com/nice-pink/streamey/pkg/streamer/streamer.go:118.3,119.26 2 0
github.com/nice-pink/streamey/pkg/streamer/streamer.go:121.2,121.24 1 0
github.com/nice-pink/streamey/pkg/streamer/streamer.go:124.38,127.41 3 0
github.com/nice-pink/streamey/pkg/streamer/streamer.go:127.41,130.3 2 0
github.com/nice-pink/streamey/pkg/streamer/streamer.go:133.2,134.16 2 0
github.com/nice-pink/streamey/pkg/streamer/streamer.go:134.16,136.3 1 0
github.com/nice-pink/streamey/pkg/streamer/streamer.go:137.2,138.16 2 0
github.com/nice-pink/streamey/pkg/streamer/streamer.go:138.16,140.3 1 0
github.com/nice-pink/streamey/pkg/streamer/streamer.go:141.2,141.13 1 0
github.com/nice-pink/streamey/pkg/streamer/streamer.go:146.75,171.2 0 0
github.com/nice-pink/streamey/pkg/util/files.go:14.77,23.29 6 0
github.com/nice-pink/streamey/pkg/util/files.go:23.29,25.3 1 0
github.com/nice-pink/streamey/pkg/util/files.go:26.2,30.12 3 0
github.com/nice-pink/streamey/pkg/util/files.go:30.12,34.3 3 0
github.com/nice-pink/streamey/pkg/util/files.go:37.54,40.16 2 0
github.com/nice-pink/streamey/pkg/util/files.go:40.16,42.3 1 0
github.com/nice-pink/streamey/pkg/util/files.go:43.2,47.16 3 0
github.com/nice-pink/streamey/pkg/util/files.go:47.16,49.3 1 0
github.com/nice-pink/streamey/pkg/util/files.go:50.2,54.16 3 0
github.com/nice-pink/streamey/pkg/util/files.go:54.16,56.3 1 0
github.com/nice-pink/streamey/pkg/util/files.go:58.2,58.12 1 0
github.com/nice-pink/streamey/pkg/util/math.go:12.50,19.22 5 0
github.com/nice-pink/streamey/pkg/util/math.go:19.22,21.3 1 0
github.com/nice-pink/streamey/pkg/util/math.go:22.2,23.28 2 0
github.com/nice-pink/streamey/pkg/util/math.go:26.68,34.22 6 4
github.com/nice-pink/streamey/pkg/util/math.go:34.22,36.3 1 2
github.com/nice-pink/streamey/pkg/util/math.go:39.2,40.19 2 4
github.com/nice-pink/streamey/pkg/util/math.go:40.19,42.3 1 1
github.com/nice-pink/streamey/pkg/util/math.go:43.2,47.25 3 4
github.com/nice-pink/streamey/pkg/util/math.go:50.51,53.16 2 0
github.com/nice-pink/streamey/pkg/util/math.go:53.16,56.3 2 0
github.com/nice-pink/streamey/pkg/util/math.go:59.2,59.31 1 0
github.com/nice-pink/streamey/pkg/util/math.go:59.31,62.3 2 0
github.com/nice-pink/streamey/pkg/util/math.go:65.2,65.26 1 0
github.com/nice-pink/streamey/pkg/util/math.go:65.26,66.22 1 0
github.com/nice-pink/streamey/pkg/util/math.go:66.22,69.4 1 0
github.com/nice-pink/streamey/pkg/util/math.go:71.2,71.13 1 0
github.com/nice-pink/streamey/pkg/util/math.go:74.71,77.16 2 0
github.com/nice-pink/streamey/pkg/util/math.go:77.16,80.3 2 0
github.com/nice-pink/streamey/pkg/util/math.go:81.2,82.16 2 0
github.com/nice-pink/streamey/pkg/util/math.go:82.16,85.3 2 0
github.com/nice-pink/streamey/pkg/util/math.go:88.2,88.62 1 0
github.com/nice-pink/streamey/pkg/util/math.go:88.62,91.3 2 0
github.com/nice-pink/streamey/pkg/util/math.go:94.2,94.26 1 0
github.com/nice-pink/streamey/pkg/util/math.go:94.26,95.34 1 0
github.com/nice-pink/streamey/pkg/util/math.go:95.34,98.4 1 0
github.com/nice-pink/streamey/pkg/util/math.go:100.2,100.13 1 0
github.com/nice-pink/streamey/pkg/util/math.go:104.39,108.16 4 0
github.com/nice-pink/streamey/pkg/util/math.go:108.16,111.3 2 0
github.com/nice-pink/streamey/pkg/util/math.go:112.2,113.6 2 0
github.com/nice-pink/streamey/pkg/util/math.go:113.6,114.16 1 0
github.com/nice-pink/streamey/pkg/util/math.go:114.16,115.9 1 0
github.com/nice-pink/streamey/pkg/util/math.go:117.3,119.13 3 0
github.com/nice-pink/streamey/pkg/util/math.go:121.2,121.12 1 0
github.com/nice-pink/streamey/pkg/util/math.go:126.39,128.14 2 10
github.com/nice-pink/streamey/pkg/util/math.go:128.14,131.30 2 5
github.com/nice-pink/streamey/pkg/util/math.go:131.30,133.4 1 2
github.com/nice-pink/streamey/pkg/util/math.go:134.3,134.19 1 5
github.com/nice-pink/streamey/pkg/util/math.go:135.8,137.28 1 5
github.com/nice-pink/streamey/pkg/util/math.go:137.28,139.4 1 1
github.com/nice-pink/streamey/pkg/util/math.go:140.3,140.21 1 5
github.com/nice-pink/streamey/pkg/util/strings.go:3.31,4.11 1 0
github.com/nice-pink/streamey/pkg/util/strings.go:4.11,6.3 1 0
github.com/nice-pink/streamey/pkg/util/strings.go:7.2,7.13 1 0
